Using pre-set license

 COMMAND LINE ARGUMENTS:
/Users/jojo/Documents/Documents/Unity/2020.3.5f1/Unity.app/Contents/MacOS/Unity
-adb2
-batchMode
-noUpm
-name
AssetImportWorker1
-projectPath
/Users/jojo/Documents/workspace/Unity/meltit/meltit
-logFile
Logs/AssetImportWorker1.log
-srvPort
54436
Successfully changed project path to: /Users/jojo/Documents/workspace/Unity/meltit/meltit
/Users/jojo/Documents/workspace/Unity/meltit/meltit
Using Asset Import Pipeline V2.
Refreshing native plugins compatible for Editor in 48.54 ms, found 2 plugins.
Preloading 0 native plugins for Editor in 0.00 ms.
Initialize engine version: 2020.3.5f1 (8095aa901b9b)
[Subsystems] Discovering subsystems at path /Users/jojo/Documents/Documents/Unity/2020.3.5f1/Unity.app/Contents/Resources/UnitySubsystems
[Subsystems] Discovering subsystems at path /Users/jojo/Documents/workspace/Unity/meltit/meltit/Assets
GfxDevice: creating device client; threaded=0
2021-04-25 13:38:50.138 Unity[8844:522961] Color LCD preferred device: Intel(R) Iris(TM) Plus Graphics 645 (low power)
2021-04-25 13:38:50.138 Unity[8844:522961] Metal devices available: 1
2021-04-25 13:38:50.138 Unity[8844:522961] 0: Intel(R) Iris(TM) Plus Graphics 645 (low power)
2021-04-25 13:38:50.139 Unity[8844:522961] Using device Intel(R) Iris(TM) Plus Graphics 645 (low power)
Initializing Metal device caps: Intel(R) Iris(TM) Plus Graphics 645
Initialize mono
Mono path[0] = '/Users/jojo/Documents/Documents/Unity/2020.3.5f1/Unity.app/Contents/Managed'
Mono path[1] = '/Users/jojo/Documents/Documents/Unity/2020.3.5f1/Unity.app/Contents/MonoBleedingEdge/lib/mono/unityjit'
Mono config path = '/Users/jojo/Documents/Documents/Unity/2020.3.5f1/Unity.app/Contents/MonoBleedingEdge/etc'
Using monoOptions --debugger-agent=transport=dt_socket,embedding=1,server=y,suspend=n,address=127.0.0.1:56844
Begin MonoManager ReloadAssembly
Registering precompiled unity dll's ...
Register platform support module: /Users/jojo/Documents/Documents/Unity/2020.3.5f1/Unity.app/Contents/PlaybackEngines/MacStandaloneSupport/UnityEditor.OSXStandalone.Extensions.dll
Register platform support module: /Users/jojo/Documents/Documents/Unity/2020.3.5f1/PlaybackEngines/WindowsStandaloneSupport/UnityEditor.WindowsStandalone.Extensions.dll
Registered in 0.002363 seconds.
Native extension for WindowsStandalone target not found
Native extension for OSXStandalone target not found
Refreshing native plugins compatible for Editor in 41.93 ms, found 2 plugins.
Preloading 0 native plugins for Editor in 0.00 ms.
Mono: successfully reloaded assembly
- Completed reload, in  2.361 seconds
Platform modules already initialized, skipping
Registering precompiled user dll's ...
Registered in 0.001451 seconds.
Begin MonoManager ReloadAssembly
Native extension for WindowsStandalone target not found
Native extension for OSXStandalone target not found
Refreshing native plugins compatible for Editor in 40.90 ms, found 2 plugins.
Preloading 0 native plugins for Editor in 0.00 ms.
Mono: successfully reloaded assembly
- Completed reload, in  1.265 seconds
Platform modules already initialized, skipping
========================================================================
Worker process is ready to serve import requests
Launching external process: /Users/jojo/Documents/Documents/Unity/2020.3.5f1/Unity.app/Contents/Tools/UnityShaderCompiler
Launched and connected shader compiler UnityShaderCompiler after 0.02 seconds
Refreshing native plugins compatible for Editor in 0.48 ms, found 2 plugins.
Preloading 0 native plugins for Editor in 0.00 ms.
Unloading 1910 Unused Serialized files (Serialized files now loaded: 0)
System memory in use before: 148.8 MB.
System memory in use after: 148.9 MB.

Unloading 32 unused Assets to reduce memory usage. Loaded Objects now: 2345.
Total: 2.447942 ms (FindLiveObjects: 0.259869 ms CreateObjectMapping: 0.095941 ms MarkObjects: 2.018612 ms  DeleteObjects: 0.072358 ms)

========================================================================
Received Import Request.
  path: Assets/Scripts/Element.cs
  artifactKey: Guid(65a73c1bb29f94f1f9f36ea8da62d6f9) Importer(815301076,1909f56bfc062723c751e8b465ee728b)
Start importing Assets/Scripts/Element.cs using Guid(65a73c1bb29f94f1f9f36ea8da62d6f9) Importer(815301076,1909f56bfc062723c751e8b465ee728b)  -> (artifact id: '02f285527904576b148b27554edac716') in 0.638458 seconds
  Import took 0.642226 seconds .

========================================================================
Received Prepare
Registering precompiled user dll's ...
Registered in 0.000667 seconds.
Begin MonoManager ReloadAssembly
Native extension for WindowsStandalone target not found
Native extension for OSXStandalone target not found
Refreshing native plugins compatible for Editor in 0.50 ms, found 2 plugins.
Preloading 0 native plugins for Editor in 0.00 ms.
Mono: successfully reloaded assembly
- Completed reload, in  1.072 seconds
Platform modules already initialized, skipping
Refreshing native plugins compatible for Editor in 0.47 ms, found 2 plugins.
Preloading 0 native plugins for Editor in 0.00 ms.
Unloading 1900 Unused Serialized files (Serialized files now loaded: 0)
System memory in use before: 152.7 MB.
System memory in use after: 152.8 MB.

Unloading 20 unused Assets to reduce memory usage. Loaded Objects now: 2349.
Total: 2.220639 ms (FindLiveObjects: 0.258414 ms CreateObjectMapping: 0.087316 ms MarkObjects: 1.853177 ms  DeleteObjects: 0.020714 ms)

========================================================================
Received Import Request.
  Time since last request: 255.673251 seconds.
  path: Assets/Scripts/Element.cs
  artifactKey: Guid(65a73c1bb29f94f1f9f36ea8da62d6f9) Importer(815301076,1909f56bfc062723c751e8b465ee728b)
Start importing Assets/Scripts/Element.cs using Guid(65a73c1bb29f94f1f9f36ea8da62d6f9) Importer(815301076,1909f56bfc062723c751e8b465ee728b)  -> (artifact id: 'b370dee0f360a0e11ce0c7d03912a4b5') in 0.012187 seconds
  Import took 0.015904 seconds .

========================================================================
Received Import Request.
  Time since last request: 0.038179 seconds.
  path: Assets/Scripts/Element.cs
  artifactKey: Guid(65a73c1bb29f94f1f9f36ea8da62d6f9) Importer(815301076,1909f56bfc062723c751e8b465ee728b)
Start importing Assets/Scripts/Element.cs using Guid(65a73c1bb29f94f1f9f36ea8da62d6f9) Importer(815301076,1909f56bfc062723c751e8b465ee728b)  -> (artifact id: 'b370dee0f360a0e11ce0c7d03912a4b5') in 0.001493 seconds
  Import took 0.004535 seconds .

========================================================================
Received Prepare
Registering precompiled user dll's ...
Registered in 0.000997 seconds.
Begin MonoManager ReloadAssembly
Native extension for WindowsStandalone target not found
Native extension for OSXStandalone target not found
Refreshing native plugins compatible for Editor in 0.47 ms, found 2 plugins.
Preloading 0 native plugins for Editor in 0.00 ms.
Mono: successfully reloaded assembly
- Completed reload, in  1.019 seconds
Platform modules already initialized, skipping
Refreshing native plugins compatible for Editor in 0.71 ms, found 2 plugins.
Preloading 0 native plugins for Editor in 0.00 ms.
Unloading 1900 Unused Serialized files (Serialized files now loaded: 0)
System memory in use before: 153.0 MB.
System memory in use after: 153.1 MB.

Unloading 20 unused Assets to reduce memory usage. Loaded Objects now: 2353.
Total: 2.462634 ms (FindLiveObjects: 0.255272 ms CreateObjectMapping: 0.079572 ms MarkObjects: 2.103823 ms  DeleteObjects: 0.022387 ms)

========================================================================
Received Import Request.
  Time since last request: 171.519157 seconds.
  path: Assets/Scripts/Element.cs
  artifactKey: Guid(65a73c1bb29f94f1f9f36ea8da62d6f9) Importer(815301076,1909f56bfc062723c751e8b465ee728b)
Start importing Assets/Scripts/Element.cs using Guid(65a73c1bb29f94f1f9f36ea8da62d6f9) Importer(815301076,1909f56bfc062723c751e8b465ee728b)  -> (artifact id: '3fb3ec3bd07783896f676d1f4f13c20c') in 0.004367 seconds
  Import took 0.007407 seconds .

========================================================================
Received Import Request.
  Time since last request: 0.004260 seconds.
  path: Assets/Scripts/Element.cs
  artifactKey: Guid(65a73c1bb29f94f1f9f36ea8da62d6f9) Importer(815301076,1909f56bfc062723c751e8b465ee728b)
Start importing Assets/Scripts/Element.cs using Guid(65a73c1bb29f94f1f9f36ea8da62d6f9) Importer(815301076,1909f56bfc062723c751e8b465ee728b)  -> (artifact id: '3fb3ec3bd07783896f676d1f4f13c20c') in 0.001593 seconds
  Import took 0.004478 seconds .

========================================================================
Received Prepare
Registering precompiled user dll's ...
Registered in 0.000572 seconds.
Begin MonoManager ReloadAssembly
Native extension for WindowsStandalone target not found
Native extension for OSXStandalone target not found
Refreshing native plugins compatible for Editor in 0.57 ms, found 2 plugins.
Preloading 0 native plugins for Editor in 0.00 ms.
Mono: successfully reloaded assembly
- Completed reload, in  1.080 seconds
Platform modules already initialized, skipping
Refreshing native plugins compatible for Editor in 0.53 ms, found 2 plugins.
Preloading 0 native plugins for Editor in 0.00 ms.
Unloading 1900 Unused Serialized files (Serialized files now loaded: 0)
System memory in use before: 153.2 MB.
System memory in use after: 153.3 MB.

Unloading 20 unused Assets to reduce memory usage. Loaded Objects now: 2357.
Total: 2.337009 ms (FindLiveObjects: 0.288298 ms CreateObjectMapping: 0.111260 ms MarkObjects: 1.913102 ms  DeleteObjects: 0.022624 ms)

========================================================================
Received Import Request.
  Time since last request: 147.542627 seconds.
  path: Assets/Scripts/Element.cs
  artifactKey: Guid(65a73c1bb29f94f1f9f36ea8da62d6f9) Importer(815301076,1909f56bfc062723c751e8b465ee728b)
Start importing Assets/Scripts/Element.cs using Guid(65a73c1bb29f94f1f9f36ea8da62d6f9) Importer(815301076,1909f56bfc062723c751e8b465ee728b)  -> (artifact id: 'fd1f2d239a40ecc2d0bb3e48ff15296d') in 0.004685 seconds
  Import took 0.008433 seconds .

========================================================================
Received Import Request.
  Time since last request: 0.003076 seconds.
  path: Assets/Scripts/Element.cs
  artifactKey: Guid(65a73c1bb29f94f1f9f36ea8da62d6f9) Importer(815301076,1909f56bfc062723c751e8b465ee728b)
Start importing Assets/Scripts/Element.cs using Guid(65a73c1bb29f94f1f9f36ea8da62d6f9) Importer(815301076,1909f56bfc062723c751e8b465ee728b)  -> (artifact id: 'fd1f2d239a40ecc2d0bb3e48ff15296d') in 0.001780 seconds
  Import took 0.004516 seconds .

========================================================================
Received Prepare
Registering precompiled user dll's ...
Registered in 0.000802 seconds.
Begin MonoManager ReloadAssembly
Native extension for WindowsStandalone target not found
Native extension for OSXStandalone target not found
Refreshing native plugins compatible for Editor in 0.47 ms, found 2 plugins.
Preloading 0 native plugins for Editor in 0.00 ms.
Mono: successfully reloaded assembly
- Completed reload, in  1.003 seconds
Platform modules already initialized, skipping
Refreshing native plugins compatible for Editor in 0.53 ms, found 2 plugins.
Preloading 0 native plugins for Editor in 0.00 ms.
Unloading 1900 Unused Serialized files (Serialized files now loaded: 0)
System memory in use before: 153.8 MB.
System memory in use after: 153.8 MB.

Unloading 20 unused Assets to reduce memory usage. Loaded Objects now: 2361.
Total: 2.087740 ms (FindLiveObjects: 0.271317 ms CreateObjectMapping: 0.074009 ms MarkObjects: 1.724823 ms  DeleteObjects: 0.016632 ms)

========================================================================
Received Import Request.
  Time since last request: 118.566879 seconds.
  path: Assets/Scripts/InventoryElement.cs
  artifactKey: Guid(29db7f570d2704bd59ed8eb71c80d282) Importer(815301076,1909f56bfc062723c751e8b465ee728b)
Start importing Assets/Scripts/InventoryElement.cs using Guid(29db7f570d2704bd59ed8eb71c80d282) Importer(815301076,1909f56bfc062723c751e8b465ee728b)  -> (artifact id: '5d7f098d2c65447b8c5e09cb7b070a06') in 0.005507 seconds
  Import took 0.010217 seconds .

========================================================================
Received Import Request.
  Time since last request: 0.000237 seconds.
  path: Assets/Scripts/Element.cs
  artifactKey: Guid(65a73c1bb29f94f1f9f36ea8da62d6f9) Importer(815301076,1909f56bfc062723c751e8b465ee728b)
Start importing Assets/Scripts/Element.cs using Guid(65a73c1bb29f94f1f9f36ea8da62d6f9) Importer(815301076,1909f56bfc062723c751e8b465ee728b)  -> (artifact id: 'cb1c1f885faad0f035d518635d14a314') in 0.001783 seconds
  Import took 0.006037 seconds .

========================================================================
Received Import Request.
  Time since last request: 181.882450 seconds.
  path: Assets/Scripts/InventoryElement.cs
  artifactKey: Guid(29db7f570d2704bd59ed8eb71c80d282) Importer(815301076,1909f56bfc062723c751e8b465ee728b)
Start importing Assets/Scripts/InventoryElement.cs using Guid(29db7f570d2704bd59ed8eb71c80d282) Importer(815301076,1909f56bfc062723c751e8b465ee728b)  -> (artifact id: 'f30c4e756cc7465f8e3c2d5aebef285e') in 0.002003 seconds
  Import took 0.007173 seconds .

========================================================================
Received Prepare
Registering precompiled user dll's ...
Registered in 0.001064 seconds.
Begin MonoManager ReloadAssembly
Native extension for WindowsStandalone target not found
Native extension for OSXStandalone target not found
Refreshing native plugins compatible for Editor in 0.51 ms, found 2 plugins.
Preloading 0 native plugins for Editor in 0.00 ms.
Mono: successfully reloaded assembly
- Completed reload, in  1.022 seconds
Platform modules already initialized, skipping
Refreshing native plugins compatible for Editor in 0.60 ms, found 2 plugins.
Preloading 0 native plugins for Editor in 0.00 ms.
Unloading 1900 Unused Serialized files (Serialized files now loaded: 0)
System memory in use before: 154.0 MB.
System memory in use after: 154.1 MB.

Unloading 20 unused Assets to reduce memory usage. Loaded Objects now: 2365.
Total: 2.624906 ms (FindLiveObjects: 0.312635 ms CreateObjectMapping: 0.117615 ms MarkObjects: 2.167856 ms  DeleteObjects: 0.024202 ms)

========================================================================
Received Import Request.
  Time since last request: 35.982006 seconds.
  path: Assets/Scripts/InventoryElement.cs
  artifactKey: Guid(29db7f570d2704bd59ed8eb71c80d282) Importer(815301076,1909f56bfc062723c751e8b465ee728b)
Start importing Assets/Scripts/InventoryElement.cs using Guid(29db7f570d2704bd59ed8eb71c80d282) Importer(815301076,1909f56bfc062723c751e8b465ee728b)  -> (artifact id: '0f0aaaaeadd36890bbe4f6c96c82be7d') in 0.004361 seconds
  Import took 0.007508 seconds .

========================================================================
Received Import Request.
  Time since last request: 0.002203 seconds.
  path: Assets/Scripts/InventoryElement.cs
  artifactKey: Guid(29db7f570d2704bd59ed8eb71c80d282) Importer(815301076,1909f56bfc062723c751e8b465ee728b)
Start importing Assets/Scripts/InventoryElement.cs using Guid(29db7f570d2704bd59ed8eb71c80d282) Importer(815301076,1909f56bfc062723c751e8b465ee728b)  -> (artifact id: '0f0aaaaeadd36890bbe4f6c96c82be7d') in 0.001485 seconds
  Import took 0.004676 seconds .

========================================================================
Received Prepare
Registering precompiled user dll's ...
Registered in 0.000665 seconds.
Begin MonoManager ReloadAssembly
Native extension for WindowsStandalone target not found
Native extension for OSXStandalone target not found
Refreshing native plugins compatible for Editor in 0.63 ms, found 2 plugins.
Preloading 0 native plugins for Editor in 0.00 ms.
Mono: successfully reloaded assembly
- Completed reload, in  1.176 seconds
Platform modules already initialized, skipping
Refreshing native plugins compatible for Editor in 0.49 ms, found 2 plugins.
Preloading 0 native plugins for Editor in 0.00 ms.
Unloading 1900 Unused Serialized files (Serialized files now loaded: 0)
System memory in use before: 154.2 MB.
System memory in use after: 154.3 MB.

Unloading 20 unused Assets to reduce memory usage. Loaded Objects now: 2369.
Total: 2.139880 ms (FindLiveObjects: 0.236081 ms CreateObjectMapping: 0.080528 ms MarkObjects: 1.802826 ms  DeleteObjects: 0.019484 ms)

========================================================================
Received Import Request.
  Time since last request: 120.941166 seconds.
  path: Assets/Scripts/InventoryElement.cs
  artifactKey: Guid(29db7f570d2704bd59ed8eb71c80d282) Importer(815301076,1909f56bfc062723c751e8b465ee728b)
Start importing Assets/Scripts/InventoryElement.cs using Guid(29db7f570d2704bd59ed8eb71c80d282) Importer(815301076,1909f56bfc062723c751e8b465ee728b)  -> (artifact id: 'f066f0a3eba3015a76962ae63e8d637f') in 0.004145 seconds
  Import took 0.008003 seconds .

========================================================================
Received Prepare
Registering precompiled user dll's ...
Registered in 0.001058 seconds.
Begin MonoManager ReloadAssembly
Native extension for WindowsStandalone target not found
Native extension for OSXStandalone target not found
Refreshing native plugins compatible for Editor in 0.51 ms, found 2 plugins.
Preloading 0 native plugins for Editor in 0.00 ms.
Mono: successfully reloaded assembly
- Completed reload, in  1.035 seconds
Platform modules already initialized, skipping
Refreshing native plugins compatible for Editor in 0.49 ms, found 2 plugins.
Preloading 0 native plugins for Editor in 0.00 ms.
Unloading 1900 Unused Serialized files (Serialized files now loaded: 0)
System memory in use before: 154.4 MB.
System memory in use after: 154.5 MB.

Unloading 20 unused Assets to reduce memory usage. Loaded Objects now: 2373.
Total: 2.286545 ms (FindLiveObjects: 0.245488 ms CreateObjectMapping: 0.078606 ms MarkObjects: 1.937197 ms  DeleteObjects: 0.024089 ms)

========================================================================
Received Import Request.
  Time since last request: 33.673995 seconds.
  path: Assets/Scripts/InventoryElement.cs
  artifactKey: Guid(29db7f570d2704bd59ed8eb71c80d282) Importer(815301076,1909f56bfc062723c751e8b465ee728b)
Start importing Assets/Scripts/InventoryElement.cs using Guid(29db7f570d2704bd59ed8eb71c80d282) Importer(815301076,1909f56bfc062723c751e8b465ee728b)  -> (artifact id: '6fa03b083a8a21fcc82d384aaa243be4') in 0.004426 seconds
  Import took 0.007409 seconds .

========================================================================
Received Import Request.
  Time since last request: 0.002255 seconds.
  path: Assets/Scripts/InventoryElement.cs
  artifactKey: Guid(29db7f570d2704bd59ed8eb71c80d282) Importer(815301076,1909f56bfc062723c751e8b465ee728b)
Start importing Assets/Scripts/InventoryElement.cs using Guid(29db7f570d2704bd59ed8eb71c80d282) Importer(815301076,1909f56bfc062723c751e8b465ee728b)  -> (artifact id: '6fa03b083a8a21fcc82d384aaa243be4') in 0.001462 seconds
  Import took 0.004320 seconds .

========================================================================
Received Prepare
Registering precompiled user dll's ...
Registered in 0.001020 seconds.
Begin MonoManager ReloadAssembly
Native extension for WindowsStandalone target not found
Native extension for OSXStandalone target not found
Refreshing native plugins compatible for Editor in 0.52 ms, found 2 plugins.
Preloading 0 native plugins for Editor in 0.00 ms.
Mono: successfully reloaded assembly
- Completed reload, in  1.058 seconds
Platform modules already initialized, skipping
Refreshing native plugins compatible for Editor in 0.73 ms, found 2 plugins.
Preloading 0 native plugins for Editor in 0.00 ms.
Unloading 1900 Unused Serialized files (Serialized files now loaded: 0)
System memory in use before: 154.6 MB.
System memory in use after: 154.7 MB.

Unloading 20 unused Assets to reduce memory usage. Loaded Objects now: 2377.
Total: 2.854740 ms (FindLiveObjects: 0.341924 ms CreateObjectMapping: 0.109974 ms MarkObjects: 2.379747 ms  DeleteObjects: 0.021473 ms)

========================================================================
Received Prepare
Registering precompiled user dll's ...
Registered in 0.001044 seconds.
Begin MonoManager ReloadAssembly
Native extension for WindowsStandalone target not found
Native extension for OSXStandalone target not found
Refreshing native plugins compatible for Editor in 3.00 ms, found 2 plugins.
Preloading 0 native plugins for Editor in 0.00 ms.
Mono: successfully reloaded assembly
- Completed reload, in  2.858 seconds
Platform modules already initialized, skipping
Refreshing native plugins compatible for Editor in 0.50 ms, found 2 plugins.
Preloading 0 native plugins for Editor in 0.00 ms.
Unloading 1900 Unused Serialized files (Serialized files now loaded: 0)
System memory in use before: 154.8 MB.
System memory in use after: 154.9 MB.

Unloading 20 unused Assets to reduce memory usage. Loaded Objects now: 2381.
Total: 2.937953 ms (FindLiveObjects: 0.332914 ms CreateObjectMapping: 0.124849 ms MarkObjects: 2.432494 ms  DeleteObjects: 0.045337 ms)

========================================================================
Received Prepare
Refreshing native plugins compatible for Editor in 2.76 ms, found 2 plugins.
Preloading 0 native plugins for Editor in 0.00 ms.
Unloading 18 Unused Serialized files (Serialized files now loaded: 0)
System memory in use before: 117.7 MB.
System memory in use after: 117.8 MB.

Unloading 18 unused Assets to reduce memory usage. Loaded Objects now: 2381.
Total: 2.012483 ms (FindLiveObjects: 0.204233 ms CreateObjectMapping: 0.072572 ms MarkObjects: 1.719314 ms  DeleteObjects: 0.015150 ms)

========================================================================
Received Prepare
Registering precompiled user dll's ...
Registered in 0.000896 seconds.
Begin MonoManager ReloadAssembly
Native extension for WindowsStandalone target not found
Native extension for OSXStandalone target not found
Refreshing native plugins compatible for Editor in 0.53 ms, found 2 plugins.
Preloading 0 native plugins for Editor in 0.00 ms.
Mono: successfully reloaded assembly
- Completed reload, in  1.288 seconds
Platform modules already initialized, skipping
Switching build target platform(2) subTarget(0) extendedPlatform(0) -> platform(9) subTarget(16777218) extendedPlatform(0)
Refreshing native plugins compatible for Editor in 0.56 ms, found 2 plugins.
Preloading 0 native plugins for Editor in 0.00 ms.
Unloading 1904 Unused Serialized files (Serialized files now loaded: 0)
System memory in use before: 154.8 MB.
System memory in use after: 154.9 MB.

Unloading 20 unused Assets to reduce memory usage. Loaded Objects now: 2385.
Total: 7.226227 ms (FindLiveObjects: 0.725778 ms CreateObjectMapping: 0.117617 ms MarkObjects: 6.353793 ms  DeleteObjects: 0.027244 ms)

AssetImportParameters requested are different than current active one (requested -> active):
  custom:graphics/normal-map-encoding: 01000000000000000000000000000000 -> 02000000000000000000000000000000
========================================================================
Received Prepare
Refreshing native plugins compatible for Editor in 3.24 ms, found 2 plugins.
Preloading 0 native plugins for Editor in 0.00 ms.
Unloading 18 Unused Serialized files (Serialized files now loaded: 0)
System memory in use before: 117.7 MB.
System memory in use after: 117.8 MB.

Unloading 18 unused Assets to reduce memory usage. Loaded Objects now: 2385.
Total: 2.595072 ms (FindLiveObjects: 0.312523 ms CreateObjectMapping: 0.110575 ms MarkObjects: 2.139732 ms  DeleteObjects: 0.030877 ms)

========================================================================
Received Prepare
Refreshing native plugins compatible for Editor in 14.22 ms, found 2 plugins.
Preloading 0 native plugins for Editor in 0.00 ms.
Unloading 18 Unused Serialized files (Serialized files now loaded: 0)
System memory in use before: 117.8 MB.
System memory in use after: 117.8 MB.

Unloading 18 unused Assets to reduce memory usage. Loaded Objects now: 2385.
Total: 2.726142 ms (FindLiveObjects: 0.241670 ms CreateObjectMapping: 0.086954 ms MarkObjects: 2.377448 ms  DeleteObjects: 0.018531 ms)

